<?xml version="1.0" encoding="UTF-8"?>
<!-- Generated by org.testng.reporters.JUnitXMLReporter -->
<testsuite hostname="DESKTOP-DR1804F" ignored="0" name="Default test" tests="3" failures="0" timestamp="04 Jun 2017 17:14:23 GMT" time="0.082" errors="0">
  <testcase name="loginTest" time="0.012" classname="facebookSignupTest.annotationTest"/>
  <testcase name="changePassword" time="0.004" classname="facebookSignupTest.annotationTest"/>
  <testcase name="logOutTest" time="0.003" classname="facebookSignupTest.annotationTest"/>
</testsuite> <!-- Default test -->
