<?xml version="1.0" encoding="UTF-8"?>
<testng-results skipped="0" failed="0" ignored="0" total="2" passed="2">
  <reporter-output>
  </reporter-output>
  <suite name="Default suite" duration-ms="157" started-at="2017-05-28T18:09:30Z" finished-at="2017-05-28T18:09:31Z">
    <groups>
    </groups>
    <test name="Default test" duration-ms="157" started-at="2017-05-28T18:09:30Z" finished-at="2017-05-28T18:09:31Z">
      <class name="facebookSignupTest.fbSignupTEST">
        <test-method status="PASS" signature="fbFooterlink()[pri:0, instance:facebookSignupTest.fbSignupTEST@457e2f02]" name="fbFooterlink" duration-ms="47" started-at="2017-05-28T13:09:30Z" finished-at="2017-05-28T13:09:31Z">
          <reporter-output>
          </reporter-output>
        </test-method> <!-- fbFooterlink -->
        <test-method status="PASS" signature="fbSignup()[pri:0, instance:facebookSignupTest.fbSignupTEST@457e2f02]" name="fbSignup" duration-ms="0" started-at="2017-05-28T13:09:31Z" finished-at="2017-05-28T13:09:31Z">
          <reporter-output>
          </reporter-output>
        </test-method> <!-- fbSignup -->
      </class> <!-- facebookSignupTest.fbSignupTEST -->
    </test> <!-- Default test -->
  </suite> <!-- Default suite -->
</testng-results>
